Arguments: 
  D:\util\node\node.exe D:\util\yarn\bin\yarn.js add app2.css

PATH: 
  D:\util\cmder\vendor\git-for-windows\mingw64\bin;D:\util\cmder\vendor\git-for-windows\usr\bin;C:\Users\11827\bin;C:\WINDOWS\system32;C:\WINDOWS;C:\WINDOWS\System32\Wbem;C:\WINDOWS\System32\WindowsPowerShell\v1.0;C:\WINDOWS\System32\OpenSSH;D:\util\git\cmd;D:\util\node;D:\util\yarn\bin;C:\Users\11827\AppData\Local\Microsoft\WindowsApps;D:\util\vscode\bin;C:\Users\11827\AppData\Roaming\npm;C:\Users\11827\AppData\Local\Yarn\bin

Yarn version: 
  1.22.5

Node version: 
  14.17.0

Platform: 
  win32 x64

Trace: 
  Error: https://registry.npm.taobao.org/app2.css: Not found
      at Request.params.callback [as _callback] (D:\util\yarn\lib\cli.js:66097:18)
      at Request.self.callback (D:\util\yarn\lib\cli.js:140749:22)
      at Request.emit (events.js:376:20)
      at Request.<anonymous> (D:\util\yarn\lib\cli.js:141721:10)
      at Request.emit (events.js:376:20)
      at IncomingMessage.<anonymous> (D:\util\yarn\lib\cli.js:141643:12)
      at Object.onceWrapper (events.js:482:28)
      at IncomingMessage.emit (events.js:388:22)
      at endReadableNT (internal/streams/readable.js:1336:12)
      at processTicksAndRejections (internal/process/task_queues.js:82:21)

npm manifest: 
  {
    "dependencies": {
      "jquery": "^3.6.0",
      "vue": "^2.6.14"
    },
    "alias": {
      "vue": "./node_modules/vue/dist/vue.common.js"
    }
  }

yarn manifest: 
  No manifest

Lockfile: 
  # THIS IS AN AUTOGENERATED FILE. DO NOT EDIT THIS FILE DIRECTLY.
  # yarn lockfile v1
  
  
  jquery@^3.6.0:
    version "3.6.0"
    resolved "https://registry.npm.taobao.org/jquery/download/jquery-3.6.0.tgz?cache=0&sync_timestamp=1614705221099&other_urls=https%3A%2F%2Fregistry.npm.taobao.org%2Fjquery%2Fdownload%2Fjquery-3.6.0.tgz#c72a09f15c1bdce142f49dbf1170bdf8adac2470"
    integrity sha1-xyoJ8Vwb3OFC9J2/EXC9+K2sJHA=
  
  vue@^2.6.14:
    version "2.6.14"
    resolved "https://registry.nlark.com/vue/download/vue-2.6.14.tgz#e51aa5250250d569a3fbad3a8a5a687d6036e235"
    integrity sha1-5RqlJQJQ1Wmj+606ilpofWA24jU=
